0 info it worked if it ends with ok
1 verbose cli [ '/usr/bin/nodejs',
1 verbose cli   '/usr/bin/npm',
1 verbose cli   'install',
1 verbose cli   'angular-route@X.Y.Z',
1 verbose cli   '--save-dev' ]
2 info using npm@2.15.1
3 info using node@v4.4.4
4 verbose install initial load of /home/omajul/Projects/AngularJS/news-summary/package.json
5 warn package.json news-summary@0.1.0 No repository field.
6 verbose installManyTop reading scoped package data from /home/omajul/Projects/AngularJS/news-summary/node_modules/aylien_textapi/package.json
7 verbose installManyTop reading scoped package data from /home/omajul/Projects/AngularJS/news-summary/node_modules/bower/package.json
8 verbose installManyTop reading scoped package data from /home/omajul/Projects/AngularJS/news-summary/node_modules/http-server/package.json
9 verbose installManyTop reading scoped package data from /home/omajul/Projects/AngularJS/news-summary/node_modules/jasmine-core/package.json
10 verbose installManyTop reading scoped package data from /home/omajul/Projects/AngularJS/news-summary/node_modules/karma/package.json
11 verbose installManyTop reading scoped package data from /home/omajul/Projects/AngularJS/news-summary/node_modules/karma-chrome-launcher/package.json
12 verbose installManyTop reading scoped package data from /home/omajul/Projects/AngularJS/news-summary/node_modules/karma-cli/package.json
13 verbose installManyTop reading scoped package data from /home/omajul/Projects/AngularJS/news-summary/node_modules/karma-jasmine/package.json
14 verbose installManyTop reading scoped package data from /home/omajul/Projects/AngularJS/news-summary/node_modules/protractor/package.json
15 verbose readDependencies loading dependencies from /home/omajul/Projects/AngularJS/news-summary/package.json
16 silly cache add args [ 'angular-route@X.Y.Z', null ]
17 verbose cache add spec angular-route@X.Y.Z
18 silly cache add parsed spec Result {
18 silly cache add   raw: 'angular-route@X.Y.Z',
18 silly cache add   scope: null,
18 silly cache add   name: 'angular-route',
18 silly cache add   rawSpec: 'X.Y.Z',
18 silly cache add   spec: 'X.Y.Z',
18 silly cache add   type: 'tag' }
19 silly addNamed angular-route@X.Y.Z
20 verbose addNamed "X.Y.Z" is being treated as a dist-tag for angular-route
21 info addNameTag [ 'angular-route', 'X.Y.Z' ]
22 silly mapToRegistry name angular-route
23 silly mapToRegistry using default registry
24 silly mapToRegistry registry https://registry.npmjs.org/
25 silly mapToRegistry data Result {
25 silly mapToRegistry   raw: 'angular-route',
25 silly mapToRegistry   scope: null,
25 silly mapToRegistry   name: 'angular-route',
25 silly mapToRegistry   rawSpec: '',
25 silly mapToRegistry   spec: 'latest',
25 silly mapToRegistry   type: 'tag' }
26 silly mapToRegistry uri https://registry.npmjs.org/angular-route
27 verbose addNameTag registry:https://registry.npmjs.org/angular-route not in flight; fetching
28 verbose request uri https://registry.npmjs.org/angular-route
29 verbose request no auth needed
30 info attempt registry request try #1 at 6:29:55 PM
31 verbose request using bearer token for auth
32 verbose request id f89afdd196dc0871
33 http request GET https://registry.npmjs.org/angular-route
34 http 200 https://registry.npmjs.org/angular-route
35 verbose headers { server: 'CouchDB/1.5.0 (Erlang OTP/R16B03)',
35 verbose headers   etag: '"CCRIHWNQS3ITDNJ8JUWAP068O"',
35 verbose headers   'content-type': 'application/json',
35 verbose headers   'content-encoding': 'gzip',
35 verbose headers   'cache-control': 'max-age=300',
35 verbose headers   'transfer-encoding': 'chunked',
35 verbose headers   'accept-ranges': 'bytes',
35 verbose headers   date: 'Fri, 03 Jun 2016 16:29:59 GMT',
35 verbose headers   via: '1.1 varnish',
35 verbose headers   connection: 'keep-alive',
35 verbose headers   'x-served-by': 'cache-lhr6343-LHR',
35 verbose headers   'x-cache': 'MISS',
35 verbose headers   'x-cache-hits': '0',
35 verbose headers   'x-timer': 'S1464971398.995453,VS0,VE108',
35 verbose headers   vary: 'Accept-Encoding' }
36 silly get cb [ 200,
36 silly get   { server: 'CouchDB/1.5.0 (Erlang OTP/R16B03)',
36 silly get     etag: '"CCRIHWNQS3ITDNJ8JUWAP068O"',
36 silly get     'content-type': 'application/json',
36 silly get     'content-encoding': 'gzip',
36 silly get     'cache-control': 'max-age=300',
36 silly get     'transfer-encoding': 'chunked',
36 silly get     'accept-ranges': 'bytes',
36 silly get     date: 'Fri, 03 Jun 2016 16:29:59 GMT',
36 silly get     via: '1.1 varnish',
36 silly get     connection: 'keep-alive',
36 silly get     'x-served-by': 'cache-lhr6343-LHR',
36 silly get     'x-cache': 'MISS',
36 silly get     'x-cache-hits': '0',
36 silly get     'x-timer': 'S1464971398.995453,VS0,VE108',
36 silly get     vary: 'Accept-Encoding' } ]
37 verbose get saving angular-route to /home/omajul/.npm/registry.npmjs.org/angular-route/.cache.json
38 verbose correctMkdir /home/omajul/.npm correctMkdir not in flight; initializing
39 silly addNameTag next cb for angular-route with tag X.Y.Z
40 verbose stack Error: No compatible version found: angular-route@'X.Y.Z'
40 verbose stack Valid install targets:
40 verbose stack ["1.2.17-build.163.1","1.3.0-rc.5","1.3.0","1.3.1","1.3.2","1.3.3","1.3.4-build.3588","1.2.27","1.3.4","1.3.5","1.3.6","1.3.7","1.2.28","1.3.8","1.4.0-beta.0","1.3.9","1.3.10","1.4.0-beta.1","1.4.0-beta.2","1.3.11","1.4.0-beta.3","1.3.12","1.3.13","1.4.0-beta.4","1.3.14","1.4.0-beta.5","1.4.0-beta.6","1.3.15","1.4.0-rc.0","1.4.0-rc.1","1.4.0-rc.2","1.4.0","1.3.16","1.4.1","1.4.2","1.3.17","1.4.3","1.4.4","1.3.18","1.4.5","1.3.19","1.4.6","1.5.0-beta.0","1.2.29","1.3.20","1.4.7","1.5.0-beta.2","1.4.8","1.5.0-rc.0","1.5.0-rc.1","1.4.9","1.5.0-rc.2","1.5.0","1.5.1","1.4.10","1.5.2","1.5.3","1.5.5","1.4.11","1.5.6"]
40 verbose stack
40 verbose stack     at installTargetsError (/usr/lib/node_modules/npm/lib/cache/add-named.js:284:12)
40 verbose stack     at next (/usr/lib/node_modules/npm/lib/cache/add-named.js:94:10)
40 verbose stack     at RES (/usr/lib/node_modules/npm/node_modules/inflight/inflight.js:23:14)
40 verbose stack     at f (/usr/lib/node_modules/npm/node_modules/once/once.js:17:25)
40 verbose stack     at fixName (/usr/lib/node_modules/npm/lib/cache/add-named.js:29:5)
40 verbose stack     at saved (/usr/lib/node_modules/npm/lib/cache/caching-client.js:173:7)
40 verbose stack     at /usr/lib/node_modules/npm/node_modules/graceful-fs/polyfills.js:210:7
40 verbose stack     at FSReqWrap.oncomplete (fs.js:82:15)
41 verbose cwd /home/omajul/Projects/AngularJS/news-summary
42 error Linux 3.19.0-32-generic
43 error argv "/usr/bin/nodejs" "/usr/bin/npm" "install" "angular-route@X.Y.Z" "--save-dev"
44 error node v4.4.4
45 error npm  v2.15.1
46 error code ETARGET
47 error notarget No compatible version found: angular-route@'X.Y.Z'
47 error notarget Valid install targets:
47 error notarget ["1.2.17-build.163.1","1.3.0-rc.5","1.3.0","1.3.1","1.3.2","1.3.3","1.3.4-build.3588","1.2.27","1.3.4","1.3.5","1.3.6","1.3.7","1.2.28","1.3.8","1.4.0-beta.0","1.3.9","1.3.10","1.4.0-beta.1","1.4.0-beta.2","1.3.11","1.4.0-beta.3","1.3.12","1.3.13","1.4.0-beta.4","1.3.14","1.4.0-beta.5","1.4.0-beta.6","1.3.15","1.4.0-rc.0","1.4.0-rc.1","1.4.0-rc.2","1.4.0","1.3.16","1.4.1","1.4.2","1.3.17","1.4.3","1.4.4","1.3.18","1.4.5","1.3.19","1.4.6","1.5.0-beta.0","1.2.29","1.3.20","1.4.7","1.5.0-beta.2","1.4.8","1.5.0-rc.0","1.5.0-rc.1","1.4.9","1.5.0-rc.2","1.5.0","1.5.1","1.4.10","1.5.2","1.5.3","1.5.5","1.4.11","1.5.6"]
47 error notarget
47 error notarget This is most likely not a problem with npm itself.
47 error notarget In most cases you or one of your dependencies are requesting
47 error notarget a package version that doesn't exist.
47 error notarget
47 error notarget It was specified as a dependency of 'news-summary'
48 verbose exit [ 1, true ]
